<?xml version="1.0" encoding="utf-8"?><testsuites name="pytest tests"><testsuite name="pytest" errors="0" failures="1" skipped="0" tests="19" time="3.747" timestamp="2026-07-05T09:01:14.696899+00:00" hostname="agent-env-67bbb5b6-ddab-4e51-bf1c-c3ec72f24b39"><testcase classname="tests.test_projects_admin.TestPublicProjects" name="test_list_projects_returns_8_seeded" time="0.300" /><testcase classname="tests.test_projects_admin.TestAuthSecurity" name="test_unauthenticated_create_returns_401" time="0.289" /><testcase classname="tests.test_projects_admin.TestAuthSecurity" name="test_unauthenticated_update_returns_401" time="0.186" /><testcase classname="tests.test_projects_admin.TestPublicProjects" name="test_list_featured_projects" time="0.106" /><testcase classname="tests.test_projects_admin.TestPublicProjects" name="test_filter_by_tag" time="0.126" /><testcase classname="tests.test_projects_admin.TestAuthSecurity" name="test_unauthenticated_delete_returns_401" time="0.106" /><testcase classname="tests.test_projects_admin.TestPublicProjects" name="test_get_single_project" time="0.163" /><testcase classname="tests.test_projects_admin.TestAuthSecurity" name="test_me_unauthenticated_returns_401" time="0.132" /><testcase classname="tests.test_projects_admin.TestPublicProjects" name="test_get_nonexistent_project_404" time="0.069" /><testcase classname="tests.test_projects_admin.TestAuthSecurity" name="test_login_wrong_password" time="0.314" /><testcase classname="tests.test_projects_admin.TestPublicProjects" name="test_list_tags" time="0.258" /><testcase classname="tests.test_projects_admin.TestAuthSecurity" name="test_login_wrong_email" time="0.093" /><testcase classname="tests.test_projects_admin.TestAuthSecurity" name="test_login_correct_credentials_sets_cookies" time="0.456" /><testcase classname="tests.test_projects_admin.TestProjectCRUD" name="test_create_update_delete_project_lifecycle" time="1.049" /><testcase classname="tests.test_projects_admin.TestAuthSecurity" name="test_me_after_login" time="0.410" /><testcase classname="tests.test_projects_admin.TestAuthSecurity" name="test_logout_clears_session" time="0.674" /><testcase classname="tests.test_projects_admin.TestProjectCRUD" name="test_update_nonexistent_project_404" time="0.526" /><testcase classname="tests.test_projects_admin.TestBruteForceLockout" name="test_lockout_after_5_failed_attempts" time="0.462"><failure message="assert 401 == 429&#10; +  where 401 = &lt;Response [401]&gt;.status_code">backend/tests/test_projects_admin.py:142: in test_lockout_after_5_failed_attempts
    assert resp6.status_code == 429
E   assert 401 == 429
E    +  where 401 = &lt;Response [401]&gt;.status_code</failure></testcase><testcase classname="tests.test_projects_admin.TestProjectCRUD" name="test_delete_nonexistent_project_404" time="0.390" /></testsuite></testsuites>